This file contains any messages produced by compilers while
running configure, to aid debugging if configure makes a mistake.

It was created by configure, which was
generated by GNU Autoconf 2.52.20230114.  Invocation command line was

  $ ./configure 

## ---------- ##
## Platform.  ##
## ---------- ##

hostname = DESKTOP-4P9AM11
uname -m = x86_64
uname -r = 6.2
uname -s = Windows_NT
uname -v = 9200

/usr/bin/uname -p = x86_64
/bin/uname -X     = x86_64

/bin/arch              = x86_64
/usr/bin/arch -k       = x86_64
/usr/convex/getsysinfo = unknown
hostinfo               = unknown
/bin/machine           = unknown
/usr/bin/oslevel       = unknown
/bin/universe          = unknown

PATH = C:/raylib/w64devkit/bin;C:/WINDOWS/system32;C:/WINDOWS;C:/WINDOWS/System32/Wbem;C:/WINDOWS/System32/WindowsPowerShell/v1.0/;C:/WINDOWS/System32/OpenSSH/;C:/Program Files/Git/cmd;c:/bin;C:/ediabas/bin;C:/Program Files (x86)/Intel/Intel(R) Management Engine Components/DAL;C:/Program Files/Intel/Intel(R) Management Engine Components/DAL;C:/Program Files/CMake/bin;C:/Program Files/nodejs/;C:/Program Files/dotnet/;C:/Program Files (x86)/Windows Kits/10/Windows Performance Toolkit/;C:/Users/lenovo/AppData/Local/Microsoft/WindowsApps;C:/Users/lenovo/AppData/Local/Programs/Microsoft VS Code/bin;C:/zig;C:/raylib/w64devkit/x86_64-w64-mingw32/include;C:/msys64/ucrt64/bin;C:/Users/lenovo/AppData/Local/Microsoft/WinGet/Links;C:/Users/lenovo/AppData/Roaming/npm;C:/Users/lenovo/.dotnet/tools;c:/adi/bin;C:/adi/bin/chrome-win64;

## ------------ ##
## Core tests.  ##
## ------------ ##

configure:1172: PATH=".;."; conftest.sh
configure:1175: $? = 0
configure:1192: checking for ggrep
configure:1218: result: no
configure:1192: checking for grep
configure:1218: result: no
configure:1226: checking for egrep
configure:1282: result: :  -E
configure:1293: result: Configuring NCURSES . ABI  (Fri Dec 13 08:58:37 GTB Standard Time 2024)
configure:1297: checking for package version
configure:1318: result: 6.4
configure:1321: checking for package patch date
configure:1338: result: 20230311
configure:1349: testing ABI VERSION 5:0:10 ...
configure:1353: testing VERSION_MAJOR 6 ...
configure:1357: testing VERSION_MINOR 4 ...
configure:1361: testing VERSION_PATCH 20230311 ...
configure:1404: error: Release major-version value is empty

## ----------------- ##
## Cache variables.  ##
## ----------------- ##

ac_cv_env_CC_set=''
ac_cv_env_CC_value=''
ac_cv_env_CFLAGS_set=''
ac_cv_env_CFLAGS_value=''
ac_cv_env_CPPFLAGS_set=''
ac_cv_env_CPPFLAGS_value=''
ac_cv_env_CPP_set=''
ac_cv_env_CPP_value=''
ac_cv_env_CXXCPP_set=''
ac_cv_env_CXXCPP_value=''
ac_cv_env_CXXFLAGS_set=''
ac_cv_env_CXXFLAGS_value=''
ac_cv_env_CXX_set=''
ac_cv_env_CXX_value=''
ac_cv_env_LDFLAGS_set=''
ac_cv_env_LDFLAGS_value=''
ac_cv_env_build_alias_set=''
ac_cv_env_build_alias_value=''
ac_cv_env_host_alias_set=''
ac_cv_env_host_alias_value=''
ac_cv_env_target_alias_set=''
ac_cv_env_target_alias_value=''
ac_cv_path_EGREP=':  -E'
cf_cv_abi_default=''
cf_cv_abi_version=''
cf_cv_rel_version='.'
cf_cv_timestamp='Fri Dec 13 08:58:37 GTB Standard Time 2024'

## ------------ ##
## confdefs.h.  ##
## ------------ ##

#define PACKAGE "ncurses"
#define NCURSES_VERSION "6.4"
#define NCURSES_PATCHDATE 20230311


configure: exit 1
